<?xml version="1.0" encoding="UTF-8"?>
<!-- Generated by org.testng.reporters.JUnitReportReporter -->
<testsuite hostname="YCSLAP0699" failures="0" tests="1" name="testCases.VerifyFBPOMLogin" time="6.766" errors="0" timestamp="2024-11-09T13:53:36 IST" skipped="0">
  <testcase classname="testCases.VerifyFBPOMLogin" name="login" time="6.766"/>
</testsuite> <!-- testCases.VerifyFBPOMLogin -->
